2020-07-24 17:59:11,588 : INFO : test_login : Check me out if you Love IceCreams!
2020-07-24 17:59:12,825 : INFO : test_login : ×
Success! The Form has been submitted successfully!.
2020-07-24 17:59:15,019 : INFO : test_login : Check me out if you Love IceCreams!
2020-07-24 17:59:15,019 : INFO : test_login : Check me out if you Love IceCreams!
2020-07-24 17:59:15,857 : INFO : test_login : ×
Success! The Form has been submitted successfully!.
2020-07-24 17:59:15,857 : INFO : test_login : ×
Success! The Form has been submitted successfully!.
2020-07-24 18:06:33,755 : INFO : test_login : Check me out if you Love IceCreams!
2020-07-24 18:06:34,992 : INFO : test_login : ×
Success! The Form has been submitted successfully!.
2020-07-24 18:06:37,133 : INFO : test_login : Check me out if you Love IceCreams!
2020-07-24 18:06:37,133 : INFO : test_login : Check me out if you Love IceCreams!
2020-07-24 18:06:37,944 : INFO : test_login : ×
Success! The Form has been submitted successfully!.
2020-07-24 18:06:37,944 : INFO : test_login : ×
Success! The Form has been submitted successfully!.
2020-07-24 18:15:33,154 : INFO : test_e2e : iphone X
2020-07-24 18:15:33,226 : INFO : test_e2e : Samsung Note 8
2020-07-24 18:15:33,296 : INFO : test_e2e : Nokia Edge
2020-07-24 18:15:33,362 : INFO : test_e2e : Blackberry
2020-07-24 18:15:47,711 : INFO : test_login : Check me out if you Love IceCreams!
2020-07-24 18:15:48,889 : INFO : test_login : ×
Success! The Form has been submitted successfully!.
2020-07-24 18:15:51,002 : INFO : test_login : Check me out if you Love IceCreams!
2020-07-24 18:15:51,002 : INFO : test_login : Check me out if you Love IceCreams!
2020-07-24 18:15:51,866 : INFO : test_login : ×
Success! The Form has been submitted successfully!.
2020-07-24 18:15:51,866 : INFO : test_login : ×
Success! The Form has been submitted successfully!.
